Arguments: 
  /Users/rodrigotoledo/.nvm/versions/node/v16.13.0/bin/node /usr/local/bin/yarn add mapboxgl

PATH: 
  /Users/rodrigotoledo/.rvm/gems/ruby-3.0.3/bin:/Users/rodrigotoledo/.rvm/gems/ruby-3.0.3@global/bin:/Users/rodrigotoledo/.rvm/rubies/ruby-3.0.3/bin:/Users/rodrigotoledo/.rvm/bin:/Users/rodrigotoledo/.nvm/versions/node/v16.13.0/bin:/usr/local/opt/v8@3.15/bin:/usr/local/bin:/usr/bin:/bin:/usr/sbin:/sbin:/opt/X11/bin:/Library/Apple/usr/bin:/Users/rodrigotoledo/.nvm/versions/node/v16.13.0/bin:/usr/local/opt/v8@3.15/bin

Yarn version: 
  1.22.11

Node version: 
  16.13.0

Platform: 
  darwin x64

Trace: 
  Error: https://registry.yarnpkg.com/mapboxgl: Not found
      at Request.params.callback [as _callback] (/usr/local/lib/node_modules/yarn/lib/cli.js:66992:18)
      at Request.self.callback (/usr/local/lib/node_modules/yarn/lib/cli.js:140763:22)
      at Request.emit (node:events:390:28)
      at Request.<anonymous> (/usr/local/lib/node_modules/yarn/lib/cli.js:141735:10)
      at Request.emit (node:events:390:28)
      at IncomingMessage.<anonymous> (/usr/local/lib/node_modules/yarn/lib/cli.js:141657:12)
      at Object.onceWrapper (node:events:509:28)
      at IncomingMessage.emit (node:events:402:35)
      at endReadableNT (node:internal/streams/readable:1343:12)
      at processTicksAndRejections (node:internal/process/task_queues:83:21)

npm manifest: 
  {
    "dependencies": {
      "cable_ready": "^5.0.0-pre8",
      "stimulus_reflex": "3.5.0-pre8"
    }
  }

yarn manifest: 
  No manifest

Lockfile: 
  # THIS IS AN AUTOGENERATED FILE. DO NOT EDIT THIS FILE DIRECTLY.
  # yarn lockfile v1
  
  
  "@rails/actioncable@>= 6.0":
    version "7.0.1"
    resolved "https://registry.yarnpkg.com/@rails/actioncable/-/actioncable-7.0.1.tgz#8f383b672e142d009f89b725d49b0832d99da74a"
    integrity sha512-lbGc1z2RXdiWZJE/8o2GSe2gek82EoKd2YvjRrqV//0J3/JImONUYwZ2XPmS1R9R2oth1XlIG0YidqdeTty0TA==
  
  cable_ready@5.0.0-pre8, cable_ready@^5.0.0-pre8:
    version "5.0.0-pre8"
    resolved "https://registry.yarnpkg.com/cable_ready/-/cable_ready-5.0.0-pre8.tgz#fa1b4d6f980f631ff3c895f3007a6789b2e47de7"
    integrity sha512-5TyAp0DcYiv15YGlAI4WqEBw8Mz/lARSz/pIwEEVWWUnqWQhbsMqCIYIsQoV3IXudKOowaSbukbPRYFN0PYzKg==
    dependencies:
      morphdom "^2.6.1"
  
  morphdom@^2.6.1:
    version "2.6.1"
    resolved "https://registry.yarnpkg.com/morphdom/-/morphdom-2.6.1.tgz#e868e24f989fa3183004b159aed643e628b4306e"
    integrity sha512-Y8YRbAEP3eKykroIBWrjcfMw7mmwJfjhqdpSvoqinu8Y702nAwikpXcNFDiIkyvfCLxLM9Wu95RZqo4a9jFBaA==
  
  stimulus_reflex@3.5.0-pre8:
    version "3.5.0-pre8"
    resolved "https://registry.yarnpkg.com/stimulus_reflex/-/stimulus_reflex-3.5.0-pre8.tgz#e33c33c639d87b67accbe839b962e054337bb9f6"
    integrity sha512-9nGNTeMf3URG3VsgCVt53E22H4N1DzGoyQ99NxAloxe++hbXUwsR/Lfw29uSQXSHXvzWI+waOhjZxesCIlWxPQ==
    dependencies:
      "@rails/actioncable" ">= 6.0"
      cable_ready "5.0.0-pre8"
